2026-01-08 06:07:02 +0000 - dagster - DEBUG - banking_pipeline - 089573f9-dbc5-4cf8-85f4-ca4358b11690 - 1827 - LOGS_CAPTURED - Started capturing logs in process (pid: 1827).
2026-01-08 06:07:02 +0000 - dagster - DEBUG - banking_pipeline - 089573f9-dbc5-4cf8-85f4-ca4358b11690 - 1827 - run_models - STEP_START - Started execution of step "run_models".
2026-01-08 06:07:08 +0000 - dagster - ERROR - banking_pipeline - 089573f9-dbc5-4cf8-85f4-ca4358b11690 - 1827 - run_models - STEP_FAILURE - Execution of step "run_models" failed.

dagster._core.errors.DagsterExecutionStepExecutionError: Error occurred while executing op "run_models"::

Exception: Command failed: dbt run --full-refresh --profiles-dir ./profiles --target dev

Stack Trace:
  File "/usr/local/lib/python3.10/site-packages/dagster/_core/execution/plan/utils.py", line 57, in op_execution_error_boundary
    yield
  File "/usr/local/lib/python3.10/site-packages/dagster/_utils/__init__.py", line 394, in iterate_with_context
    next_output = next(iterator)
  File "/usr/local/lib/python3.10/site-packages/dagster/_core/execution/plan/compute_generator.py", line 135, in _coerce_op_compute_fn_to_iterator
    result = invoke_compute_fn(
  File "/usr/local/lib/python3.10/site-packages/dagster/_core/execution/plan/compute_generator.py", line 115, in invoke_compute_fn
    return fn(context, **args_to_pass) if context_arg_provided else fn(**args_to_pass)
  File "/opt/dagster/app/dagster_pipeline.py", line 35, in run_models
    run_cmd(f"dbt run --full-refresh --profiles-dir ./profiles --target dev", cwd=DBT_PROJECT_DIR)
  File "/opt/dagster/app/dagster_pipeline.py", line 20, in run_cmd
    raise Exception(f"Command failed: {cmd}")

