2026-01-08 06:07:02 +0000 - dagster - DEBUG - banking_pipeline - 089573f9-dbc5-4cf8-85f4-ca4358b11690 - 1829 - LOGS_CAPTURED - Started capturing logs in process (pid: 1829).
2026-01-08 06:07:02 +0000 - dagster - DEBUG - banking_pipeline - 089573f9-dbc5-4cf8-85f4-ca4358b11690 - 1829 - seed_data - STEP_START - Started execution of step "seed_data".
2026-01-08 06:07:08 +0000 - dagster - ERROR - banking_pipeline - 089573f9-dbc5-4cf8-85f4-ca4358b11690 - 1829 - seed_data - STEP_FAILURE - Execution of step "seed_data" failed.

dagster._core.errors.DagsterExecutionStepExecutionError: Error occurred while executing op "seed_data"::

Exception: Command failed: dbt seed --full-refresh --profiles-dir ./profiles --target dev

Stack Trace:
  File "/usr/local/lib/python3.10/site-packages/dagster/_core/execution/plan/utils.py", line 57, in op_execution_error_boundary
    yield
  File "/usr/local/lib/python3.10/site-packages/dagster/_utils/__init__.py", line 394, in iterate_with_context
    next_output = next(iterator)
  File "/usr/local/lib/python3.10/site-packages/dagster/_core/execution/plan/compute_generator.py", line 135, in _coerce_op_compute_fn_to_iterator
    result = invoke_compute_fn(
  File "/usr/local/lib/python3.10/site-packages/dagster/_core/execution/plan/compute_generator.py", line 115, in invoke_compute_fn
    return fn(context, **args_to_pass) if context_arg_provided else fn(**args_to_pass)
  File "/opt/dagster/app/dagster_pipeline.py", line 30, in seed_data
    run_cmd(f"dbt seed --full-refresh --profiles-dir ./profiles --target dev", cwd=DBT_PROJECT_DIR)
  File "/opt/dagster/app/dagster_pipeline.py", line 20, in run_cmd
    raise Exception(f"Command failed: {cmd}")

