2026-01-08 06:44:35 +0000 - dagster - DEBUG - banking_pipeline - cd4dbae0-1906-4e52-b21d-7956b0571fc8 - 820 - LOGS_CAPTURED - Started capturing logs in process (pid: 820).
2026-01-08 06:44:35 +0000 - dagster - DEBUG - banking_pipeline - cd4dbae0-1906-4e52-b21d-7956b0571fc8 - 820 - export_mart_to_csv - STEP_START - Started execution of step "export_mart_to_csv".
2026-01-08 06:44:40 +0000 - dagster - ERROR - banking_pipeline - cd4dbae0-1906-4e52-b21d-7956b0571fc8 - 820 - export_mart_to_csv - STEP_FAILURE - Execution of step "export_mart_to_csv" failed.

dagster._core.errors.DagsterExecutionStepExecutionError: Error occurred while executing op "export_mart_to_csv"::

Exception: Command failed: dbt run-operation export_to_local_csv --args '{"model_name": "account_interest_summary", "local_folder": "/opt/dagster/app/target", "filename": "account_summary.csv"}' --profiles-dir ./profiles --target dev
See STDERR above for details.

Stack Trace:
  File "/usr/local/lib/python3.10/site-packages/dagster/_core/execution/plan/utils.py", line 57, in op_execution_error_boundary
    yield
  File "/usr/local/lib/python3.10/site-packages/dagster/_utils/__init__.py", line 394, in iterate_with_context
    next_output = next(iterator)
  File "/usr/local/lib/python3.10/site-packages/dagster/_core/execution/plan/compute_generator.py", line 135, in _coerce_op_compute_fn_to_iterator
    result = invoke_compute_fn(
  File "/usr/local/lib/python3.10/site-packages/dagster/_core/execution/plan/compute_generator.py", line 115, in invoke_compute_fn
    return fn(context, **args_to_pass) if context_arg_provided else fn(**args_to_pass)
  File "/opt/dagster/app/dagster_pipeline.py", line 66, in export_mart_to_csv
    run_cmd(
  File "/opt/dagster/app/dagster_pipeline.py", line 41, in run_cmd
    raise Exception(f"Command failed: {cmd}\nSee STDERR above for details.")

