2026-01-08 06:18:48 +0000 - dagster - DEBUG - banking_pipeline - e94b4511-b922-4fce-b935-6be8197d0a3a - 1232 - LOGS_CAPTURED - Started capturing logs in process (pid: 1232).
2026-01-08 06:18:48 +0000 - dagster - DEBUG - banking_pipeline - e94b4511-b922-4fce-b935-6be8197d0a3a - 1232 - export_mart_to_csv - STEP_START - Started execution of step "export_mart_to_csv".
2026-01-08 06:18:53 +0000 - dagster - ERROR - banking_pipeline - e94b4511-b922-4fce-b935-6be8197d0a3a - 1232 - export_mart_to_csv - STEP_FAILURE - Execution of step "export_mart_to_csv" failed.

dagster._core.errors.DagsterExecutionStepExecutionError: Error occurred while executing op "export_mart_to_csv"::

Exception: Command failed: dbt run-operation export_to_local_csv --args '{"model_name": "account_interest_summary", "local_folder": "/opt/dagster/app/target", "filename": "account_summary.csv"}' --profiles-dir ./profiles --target dev

Stack Trace:
  File "/usr/local/lib/python3.10/site-packages/dagster/_core/execution/plan/utils.py", line 57, in op_execution_error_boundary
    yield
  File "/usr/local/lib/python3.10/site-packages/dagster/_utils/__init__.py", line 394, in iterate_with_context
    next_output = next(iterator)
  File "/usr/local/lib/python3.10/site-packages/dagster/_core/execution/plan/compute_generator.py", line 135, in _coerce_op_compute_fn_to_iterator
    result = invoke_compute_fn(
  File "/usr/local/lib/python3.10/site-packages/dagster/_core/execution/plan/compute_generator.py", line 115, in invoke_compute_fn
    return fn(context, **args_to_pass) if context_arg_provided else fn(**args_to_pass)
  File "/opt/dagster/app/dagster_pipeline.py", line 45, in export_mart_to_csv
    run_cmd(
  File "/opt/dagster/app/dagster_pipeline.py", line 20, in run_cmd
    raise Exception(f"Command failed: {cmd}")

