2026-01-08 06:36:31 +0000 - dagster - DEBUG - banking_pipeline - 8be46b77-a317-4e79-bf24-42df1a698429 - 2090 - LOGS_CAPTURED - Started capturing logs in process (pid: 2090).
2026-01-08 06:36:31 +0000 - dagster - DEBUG - banking_pipeline - 8be46b77-a317-4e79-bf24-42df1a698429 - 2090 - run_tests - STEP_START - Started execution of step "run_tests".
2026-01-08 06:37:41 +0000 - dagster - ERROR - banking_pipeline - 8be46b77-a317-4e79-bf24-42df1a698429 - 2090 - run_tests - STEP_FAILURE - Execution of step "run_tests" failed.

dagster._core.errors.DagsterExecutionStepExecutionError: Error occurred while executing op "run_tests"::

Exception: Command failed: dbt test --profiles-dir /opt/dagster/app/dbt --target dev
See STDERR above for details.

Stack Trace:
  File "/usr/local/lib/python3.10/site-packages/dagster/_core/execution/plan/utils.py", line 57, in op_execution_error_boundary
    yield
  File "/usr/local/lib/python3.10/site-packages/dagster/_utils/__init__.py", line 394, in iterate_with_context
    next_output = next(iterator)
  File "/usr/local/lib/python3.10/site-packages/dagster/_core/execution/plan/compute_generator.py", line 135, in _coerce_op_compute_fn_to_iterator
    result = invoke_compute_fn(
  File "/usr/local/lib/python3.10/site-packages/dagster/_core/execution/plan/compute_generator.py", line 115, in invoke_compute_fn
    return fn(context, **args_to_pass) if context_arg_provided else fn(**args_to_pass)
  File "/opt/dagster/app/dagster_pipeline.py", line 80, in run_tests
    run_cmd(f"dbt test --profiles-dir /opt/dagster/app/dbt --target dev", cwd=DBT_PROJECT_DIR)
  File "/opt/dagster/app/dagster_pipeline.py", line 41, in run_cmd
    raise Exception(f"Command failed: {cmd}\nSee STDERR above for details.")

